<?xml version="1.0" encoding="UTF-8"?>
<robot generator="Robot 4.1.2 (Python 3.9.7 on darwin)" generated="20211123 17:14:19.127" rpa="false" schemaversion="2">
<suite id="s1" name="Ui Test" source="/Users/bree/Flasky/tests/ui_tests/ui_test.robot">
<test id="s1-t1" name="User can register via web portal">
<kw name="Open the main page">
<kw name="Open Browser" library="SeleniumLibrary">
<arg>${url}</arg>
<arg>${browser}</arg>
<doc>Opens a new browser instance to the optional ``url``.</doc>
<msg timestamp="20211123 17:14:19.257" level="INFO">Opening browser 'chrome' to base url 'http://192.168.1.240:8080/'.</msg>
<status status="PASS" starttime="20211123 17:14:19.257" endtime="20211123 17:14:20.906"/>
</kw>
<kw name="Wait Until Page Contains" library="SeleniumLibrary">
<arg>index page</arg>
<doc>Waits until ``text`` appears on the current page.</doc>
<status status="PASS" starttime="20211123 17:14:20.906" endtime="20211123 17:14:20.920"/>
</kw>
<kw name="Page Should Contain" library="SeleniumLibrary">
<arg>Demo app</arg>
<doc>Verifies that current page contains ``text``.</doc>
<msg timestamp="20211123 17:14:20.930" level="INFO">Current page contains text 'Demo app'.</msg>
<status status="PASS" starttime="20211123 17:14:20.920" endtime="20211123 17:14:20.930"/>
</kw>
<kw name="Page Should Contain" library="SeleniumLibrary">
<arg>Register</arg>
<doc>Verifies that current page contains ``text``.</doc>
<msg timestamp="20211123 17:14:20.939" level="INFO">Current page contains text 'Register'.</msg>
<status status="PASS" starttime="20211123 17:14:20.930" endtime="20211123 17:14:20.939"/>
</kw>
<kw name="Page Should Contain" library="SeleniumLibrary">
<arg>Log In</arg>
<doc>Verifies that current page contains ``text``.</doc>
<msg timestamp="20211123 17:14:20.947" level="INFO">Current page contains text 'Log In'.</msg>
<status status="PASS" starttime="20211123 17:14:20.939" endtime="20211123 17:14:20.948"/>
</kw>
<status status="PASS" starttime="20211123 17:14:19.256" endtime="20211123 17:14:20.948"/>
</kw>
<kw name="Open the register page from main page">
<kw name="Click Element" library="SeleniumLibrary">
<arg>xpath:/html/body/nav/ul/li[1]/a</arg>
<doc>Click the element identified by ``locator``.</doc>
<msg timestamp="20211123 17:14:20.948" level="INFO">Clicking element 'xpath:/html/body/nav/ul/li[1]/a'.</msg>
<status status="PASS" starttime="20211123 17:14:20.948" endtime="20211123 17:14:21.013"/>
</kw>
<kw name="Wait Until Page Contains" library="SeleniumLibrary">
<arg>Username</arg>
<doc>Waits until ``text`` appears on the current page.</doc>
<status status="PASS" starttime="20211123 17:14:21.013" endtime="20211123 17:14:21.023"/>
</kw>
<kw name="Page Should Contain" library="SeleniumLibrary">
<arg>Password</arg>
<doc>Verifies that current page contains ``text``.</doc>
<msg timestamp="20211123 17:14:21.035" level="INFO">Current page contains text 'Password'.</msg>
<status status="PASS" starttime="20211123 17:14:21.023" endtime="20211123 17:14:21.036"/>
</kw>
<kw name="Page Should Contain" library="SeleniumLibrary">
<arg>First name</arg>
<doc>Verifies that current page contains ``text``.</doc>
<msg timestamp="20211123 17:14:21.045" level="INFO">Current page contains text 'First name'.</msg>
<status status="PASS" starttime="20211123 17:14:21.036" endtime="20211123 17:14:21.045"/>
</kw>
<kw name="Page Should Contain" library="SeleniumLibrary">
<arg>Family Name</arg>
<doc>Verifies that current page contains ``text``.</doc>
<msg timestamp="20211123 17:14:21.053" level="INFO">Current page contains text 'Family Name'.</msg>
<status status="PASS" starttime="20211123 17:14:21.045" endtime="20211123 17:14:21.053"/>
</kw>
<kw name="Page Should Contain" library="SeleniumLibrary">
<arg>Phone number</arg>
<doc>Verifies that current page contains ``text``.</doc>
<msg timestamp="20211123 17:14:21.063" level="INFO">Current page contains text 'Phone number'.</msg>
<status status="PASS" starttime="20211123 17:14:21.053" endtime="20211123 17:14:21.063"/>
</kw>
<kw name="Page Should Contain Element" library="SeleniumLibrary">
<arg>xpath:/html/body/section/form/input[6]</arg>
<doc>Verifies that element ``locator`` is found on the current page.</doc>
<msg timestamp="20211123 17:14:21.070" level="INFO">Current page contains element 'xpath:/html/body/section/form/input[6]'.</msg>
<status status="PASS" starttime="20211123 17:14:21.063" endtime="20211123 17:14:21.070"/>
</kw>
<status status="PASS" starttime="20211123 17:14:20.948" endtime="20211123 17:14:21.070"/>
</kw>
<kw name="Enter Username">
<arg>${username}</arg>
<kw name="Input Text" library="SeleniumLibrary">
<arg>id:username</arg>
<arg>${input}</arg>
<doc>Types the given ``text`` into the text field identified by ``locator``.</doc>
<msg timestamp="20211123 17:14:21.071" level="INFO">Typing text 'xiaobixu' into text field 'id:username'.</msg>
<status status="PASS" starttime="20211123 17:14:21.071" endtime="20211123 17:14:21.171"/>
</kw>
<status status="PASS" starttime="20211123 17:14:21.070" endtime="20211123 17:14:21.171"/>
</kw>
<kw name="Enter Password">
<arg>${password}</arg>
<kw name="Input Text" library="SeleniumLibrary">
<arg>id:password</arg>
<arg>${input}</arg>
<doc>Types the given ``text`` into the text field identified by ``locator``.</doc>
<msg timestamp="20211123 17:14:21.172" level="INFO">Typing text 'thisISaPassword' into text field 'id:password'.</msg>
<status status="PASS" starttime="20211123 17:14:21.171" endtime="20211123 17:14:21.227"/>
</kw>
<status status="PASS" starttime="20211123 17:14:21.171" endtime="20211123 17:14:21.227"/>
</kw>
<kw name="Enter First name">
<arg>${firstname}</arg>
<kw name="Input Text" library="SeleniumLibrary">
<arg>id:firstname</arg>
<arg>${input}</arg>
<doc>Types the given ``text`` into the text field identified by ``locator``.</doc>
<msg timestamp="20211123 17:14:21.228" level="INFO">Typing text 'Xiaobi' into text field 'id:firstname'.</msg>
<status status="PASS" starttime="20211123 17:14:21.227" endtime="20211123 17:14:21.278"/>
</kw>
<status status="PASS" starttime="20211123 17:14:21.227" endtime="20211123 17:14:21.278"/>
</kw>
<kw name="Enter Family name">
<arg>${familyname}</arg>
<kw name="Input Text" library="SeleniumLibrary">
<arg>id:lastname</arg>
<arg>${input}</arg>
<doc>Types the given ``text`` into the text field identified by ``locator``.</doc>
<msg timestamp="20211123 17:14:21.279" level="INFO">Typing text 'Xu' into text field 'id:lastname'.</msg>
<status status="PASS" starttime="20211123 17:14:21.279" endtime="20211123 17:14:21.326"/>
</kw>
<status status="PASS" starttime="20211123 17:14:21.279" endtime="20211123 17:14:21.326"/>
</kw>
<kw name="Enter Phone number">
<arg>${phonenumber}</arg>
<kw name="Input Text" library="SeleniumLibrary">
<arg>id:phone</arg>
<arg>${input}</arg>
<doc>Types the given ``text`` into the text field identified by ``locator``.</doc>
<msg timestamp="20211123 17:14:21.327" level="INFO">Typing text '+35800000000' into text field 'id:phone'.</msg>
<status status="PASS" starttime="20211123 17:14:21.326" endtime="20211123 17:14:21.377"/>
</kw>
<status status="PASS" starttime="20211123 17:14:21.326" endtime="20211123 17:14:21.377"/>
</kw>
<kw name="Click on Register button">
<kw name="Submit Form" library="SeleniumLibrary">
<doc>Submits a form identified by ``locator``.</doc>
<msg timestamp="20211123 17:14:21.378" level="INFO">Submitting form 'None'.</msg>
<status status="PASS" starttime="20211123 17:14:21.377" endtime="20211123 17:14:21.417"/>
</kw>
<kw name="Wait Until Page Contains" library="SeleniumLibrary">
<arg>Log In</arg>
<doc>Waits until ``text`` appears on the current page.</doc>
<status status="PASS" starttime="20211123 17:14:21.417" endtime="20211123 17:14:21.424"/>
</kw>
<status status="PASS" starttime="20211123 17:14:21.377" endtime="20211123 17:14:21.424"/>
</kw>
<kw name="The Login page should be opened">
<kw name="Page Should Contain" library="SeleniumLibrary">
<arg>Demo app</arg>
<doc>Verifies that current page contains ``text``.</doc>
<msg timestamp="20211123 17:14:21.430" level="INFO">Current page contains text 'Demo app'.</msg>
<status status="PASS" starttime="20211123 17:14:21.424" endtime="20211123 17:14:21.430"/>
</kw>
<kw name="Page Should Contain Element" library="SeleniumLibrary">
<arg>id:username</arg>
<doc>Verifies that element ``locator`` is found on the current page.</doc>
<msg timestamp="20211123 17:14:21.435" level="INFO">Current page contains element 'id:username'.</msg>
<status status="PASS" starttime="20211123 17:14:21.430" endtime="20211123 17:14:21.435"/>
</kw>
<kw name="Page Should Contain Element" library="SeleniumLibrary">
<arg>id:password</arg>
<doc>Verifies that element ``locator`` is found on the current page.</doc>
<msg timestamp="20211123 17:14:21.441" level="INFO">Current page contains element 'id:password'.</msg>
<status status="PASS" starttime="20211123 17:14:21.435" endtime="20211123 17:14:21.441"/>
</kw>
<kw name="Page Should Contain Element" library="SeleniumLibrary">
<arg>xpath:/html/body/section/form/input[3]</arg>
<doc>Verifies that element ``locator`` is found on the current page.</doc>
<msg timestamp="20211123 17:14:21.448" level="INFO">Current page contains element 'xpath:/html/body/section/form/input[3]'.</msg>
<status status="PASS" starttime="20211123 17:14:21.441" endtime="20211123 17:14:21.449"/>
</kw>
<status status="PASS" starttime="20211123 17:14:21.424" endtime="20211123 17:14:21.449"/>
</kw>
<kw name="Close All Browsers" library="SeleniumLibrary" type="TEARDOWN">
<doc>Closes all open browsers and resets the browser cache.</doc>
<status status="PASS" starttime="20211123 17:14:21.449" endtime="20211123 17:14:21.512"/>
</kw>
<doc>The user can register via the web portal</doc>
<status status="PASS" starttime="20211123 17:14:19.256" endtime="20211123 17:14:21.512"/>
</test>
<test id="s1-t2" name="User can review their own user information on the main view">
<kw name="Open the main page">
<kw name="Open Browser" library="SeleniumLibrary">
<arg>${url}</arg>
<arg>${browser}</arg>
<doc>Opens a new browser instance to the optional ``url``.</doc>
<msg timestamp="20211123 17:14:21.514" level="INFO">Opening browser 'chrome' to base url 'http://192.168.1.240:8080/'.</msg>
<status status="PASS" starttime="20211123 17:14:21.514" endtime="20211123 17:14:23.067"/>
</kw>
<kw name="Wait Until Page Contains" library="SeleniumLibrary">
<arg>index page</arg>
<doc>Waits until ``text`` appears on the current page.</doc>
<status status="PASS" starttime="20211123 17:14:23.067" endtime="20211123 17:14:23.079"/>
</kw>
<kw name="Page Should Contain" library="SeleniumLibrary">
<arg>Demo app</arg>
<doc>Verifies that current page contains ``text``.</doc>
<msg timestamp="20211123 17:14:23.089" level="INFO">Current page contains text 'Demo app'.</msg>
<status status="PASS" starttime="20211123 17:14:23.079" endtime="20211123 17:14:23.089"/>
</kw>
<kw name="Page Should Contain" library="SeleniumLibrary">
<arg>Register</arg>
<doc>Verifies that current page contains ``text``.</doc>
<msg timestamp="20211123 17:14:23.098" level="INFO">Current page contains text 'Register'.</msg>
<status status="PASS" starttime="20211123 17:14:23.089" endtime="20211123 17:14:23.098"/>
</kw>
<kw name="Page Should Contain" library="SeleniumLibrary">
<arg>Log In</arg>
<doc>Verifies that current page contains ``text``.</doc>
<msg timestamp="20211123 17:14:23.111" level="INFO">Current page contains text 'Log In'.</msg>
<status status="PASS" starttime="20211123 17:14:23.098" endtime="20211123 17:14:23.111"/>
</kw>
<status status="PASS" starttime="20211123 17:14:21.514" endtime="20211123 17:14:23.111"/>
</kw>
<kw name="Open the Login page from main page">
<kw name="Click Element" library="SeleniumLibrary">
<arg>xpath:/html/body/nav/ul/li[2]/a</arg>
<doc>Click the element identified by ``locator``.</doc>
<msg timestamp="20211123 17:14:23.112" level="INFO">Clicking element 'xpath:/html/body/nav/ul/li[2]/a'.</msg>
<status status="PASS" starttime="20211123 17:14:23.112" endtime="20211123 17:14:23.176"/>
</kw>
<kw name="Wait Until Page Contains" library="SeleniumLibrary">
<arg>Log In</arg>
<doc>Waits until ``text`` appears on the current page.</doc>
<status status="PASS" starttime="20211123 17:14:23.176" endtime="20211123 17:14:23.182"/>
</kw>
<status status="PASS" starttime="20211123 17:14:23.112" endtime="20211123 17:14:23.182"/>
</kw>
<kw name="The Login page should be opened">
<kw name="Page Should Contain" library="SeleniumLibrary">
<arg>Demo app</arg>
<doc>Verifies that current page contains ``text``.</doc>
<msg timestamp="20211123 17:14:23.189" level="INFO">Current page contains text 'Demo app'.</msg>
<status status="PASS" starttime="20211123 17:14:23.183" endtime="20211123 17:14:23.189"/>
</kw>
<kw name="Page Should Contain Element" library="SeleniumLibrary">
<arg>id:username</arg>
<doc>Verifies that element ``locator`` is found on the current page.</doc>
<msg timestamp="20211123 17:14:23.199" level="INFO">Current page contains element 'id:username'.</msg>
<status status="PASS" starttime="20211123 17:14:23.190" endtime="20211123 17:14:23.199"/>
</kw>
<kw name="Page Should Contain Element" library="SeleniumLibrary">
<arg>id:password</arg>
<doc>Verifies that element ``locator`` is found on the current page.</doc>
<msg timestamp="20211123 17:14:23.206" level="INFO">Current page contains element 'id:password'.</msg>
<status status="PASS" starttime="20211123 17:14:23.199" endtime="20211123 17:14:23.206"/>
</kw>
<kw name="Page Should Contain Element" library="SeleniumLibrary">
<arg>xpath:/html/body/section/form/input[3]</arg>
<doc>Verifies that element ``locator`` is found on the current page.</doc>
<msg timestamp="20211123 17:14:23.213" level="INFO">Current page contains element 'xpath:/html/body/section/form/input[3]'.</msg>
<status status="PASS" starttime="20211123 17:14:23.206" endtime="20211123 17:14:23.213"/>
</kw>
<status status="PASS" starttime="20211123 17:14:23.183" endtime="20211123 17:14:23.214"/>
</kw>
<kw name="Enter Username">
<arg>${username}</arg>
<kw name="Input Text" library="SeleniumLibrary">
<arg>id:username</arg>
<arg>${input}</arg>
<doc>Types the given ``text`` into the text field identified by ``locator``.</doc>
<msg timestamp="20211123 17:14:23.214" level="INFO">Typing text 'xiaobixu' into text field 'id:username'.</msg>
<status status="PASS" starttime="20211123 17:14:23.214" endtime="20211123 17:14:23.296"/>
</kw>
<status status="PASS" starttime="20211123 17:14:23.214" endtime="20211123 17:14:23.296"/>
</kw>
<kw name="Enter Password">
<arg>${password}</arg>
<kw name="Input Text" library="SeleniumLibrary">
<arg>id:password</arg>
<arg>${input}</arg>
<doc>Types the given ``text`` into the text field identified by ``locator``.</doc>
<msg timestamp="20211123 17:14:23.297" level="INFO">Typing text 'thisISaPassword' into text field 'id:password'.</msg>
<status status="PASS" starttime="20211123 17:14:23.297" endtime="20211123 17:14:23.348"/>
</kw>
<status status="PASS" starttime="20211123 17:14:23.296" endtime="20211123 17:14:23.348"/>
</kw>
<kw name="Click on Log In button">
<kw name="Submit Form" library="SeleniumLibrary">
<doc>Submits a form identified by ``locator``.</doc>
<msg timestamp="20211123 17:14:23.348" level="INFO">Submitting form 'None'.</msg>
<status status="PASS" starttime="20211123 17:14:23.348" endtime="20211123 17:14:23.518"/>
</kw>
<kw name="Wait Until Page Contains" library="SeleniumLibrary">
<arg>User Information</arg>
<doc>Waits until ``text`` appears on the current page.</doc>
<status status="PASS" starttime="20211123 17:14:23.518" endtime="20211123 17:14:23.527"/>
</kw>
<kw name="Page Should Contain" library="SeleniumLibrary">
<arg>Username</arg>
<doc>Verifies that current page contains ``text``.</doc>
<msg timestamp="20211123 17:14:23.537" level="INFO">Current page contains text 'Username'.</msg>
<status status="PASS" starttime="20211123 17:14:23.527" endtime="20211123 17:14:23.537"/>
</kw>
<kw name="Page Should Contain" library="SeleniumLibrary">
<arg>First name</arg>
<doc>Verifies that current page contains ``text``.</doc>
<msg timestamp="20211123 17:14:23.547" level="INFO">Current page contains text 'First name'.</msg>
<status status="PASS" starttime="20211123 17:14:23.537" endtime="20211123 17:14:23.547"/>
</kw>
<kw name="Page Should Contain" library="SeleniumLibrary">
<arg>Last name</arg>
<doc>Verifies that current page contains ``text``.</doc>
<msg timestamp="20211123 17:14:23.555" level="INFO">Current page contains text 'Last name'.</msg>
<status status="PASS" starttime="20211123 17:14:23.547" endtime="20211123 17:14:23.556"/>
</kw>
<kw name="Page Should Contain" library="SeleniumLibrary">
<arg>Phone number</arg>
<doc>Verifies that current page contains ``text``.</doc>
<msg timestamp="20211123 17:14:23.565" level="INFO">Current page contains text 'Phone number'.</msg>
<status status="PASS" starttime="20211123 17:14:23.556" endtime="20211123 17:14:23.565"/>
</kw>
<status status="PASS" starttime="20211123 17:14:23.348" endtime="20211123 17:14:23.565"/>
</kw>
<kw name="The user information should be shown correctly on the main view">
<kw name="Element Should Contain" library="SeleniumLibrary">
<arg>id:username</arg>
<arg>${username}</arg>
<doc>Verifies that element ``locator`` contains text ``expected``.</doc>
<msg timestamp="20211123 17:14:23.583" level="INFO">Element 'id:username' contains text 'xiaobixu'.</msg>
<status status="PASS" starttime="20211123 17:14:23.565" endtime="20211123 17:14:23.583"/>
</kw>
<kw name="Element Should Contain" library="SeleniumLibrary">
<arg>id:firstname</arg>
<arg>${firstname}</arg>
<doc>Verifies that element ``locator`` contains text ``expected``.</doc>
<msg timestamp="20211123 17:14:23.598" level="INFO">Element 'id:firstname' contains text 'Xiaobi'.</msg>
<status status="PASS" starttime="20211123 17:14:23.583" endtime="20211123 17:14:23.598"/>
</kw>
<kw name="Element Should Contain" library="SeleniumLibrary">
<arg>id:lastname</arg>
<arg>${familyname}</arg>
<doc>Verifies that element ``locator`` contains text ``expected``.</doc>
<msg timestamp="20211123 17:14:23.613" level="INFO">Element 'id:lastname' contains text 'Xu'.</msg>
<status status="PASS" starttime="20211123 17:14:23.599" endtime="20211123 17:14:23.614"/>
</kw>
<kw name="Element Should Contain" library="SeleniumLibrary">
<arg>id:phone</arg>
<arg>${phonenumber}</arg>
<doc>Verifies that element ``locator`` contains text ``expected``.</doc>
<msg timestamp="20211123 17:14:23.628" level="INFO">Element 'id:phone' contains text '+35800000000'.</msg>
<status status="PASS" starttime="20211123 17:14:23.614" endtime="20211123 17:14:23.628"/>
</kw>
<status status="PASS" starttime="20211123 17:14:23.565" endtime="20211123 17:14:23.628"/>
</kw>
<kw name="Close All Browsers" library="SeleniumLibrary" type="TEARDOWN">
<doc>Closes all open browsers and resets the browser cache.</doc>
<status status="PASS" starttime="20211123 17:14:23.629" endtime="20211123 17:14:23.692"/>
</kw>
<doc>After log in, the user can view their user information on the main view</doc>
<status status="PASS" starttime="20211123 17:14:21.513" endtime="20211123 17:14:23.692"/>
</test>
<doc>This suite contains simple UI test for a web protal, against the following acceptance criterias:
1. User can register through web portal
2. User can review their own user information on the main view</doc>
<status status="PASS" starttime="20211123 17:14:19.129" endtime="20211123 17:14:23.693"/>
</suite>
<statistics>
<total>
<stat pass="2" fail="0" skip="0">All Tests</stat>
</total>
<tag>
</tag>
<suite>
<stat pass="2" fail="0" skip="0" id="s1" name="Ui Test">Ui Test</stat>
</suite>
</statistics>
<errors>
</errors>
</robot>
